<?xml version="1.0" encoding="UTF-8"?>
<!-- Generated by org.testng.reporters.JUnitReportReporter -->
<testsuite skipped="0" hostname="DESKTOP-ONH3S9L" name="test.AndroidTest" tests="4" failures="0" timestamp="25 Aug 2020 16:09:40 GMT" time="8.605" errors="0">
  <testcase name="testCase_2" time="6.539" classname="test.AndroidTest"/>
  <testcase name="testCase_1" time="0.566" classname="test.AndroidTest"/>
  <testcase name="testCase_3" time="1.497" classname="test.AndroidTest"/>
  <testcase name="testCase_4" time="0.003" classname="test.AndroidTest"/>
</testsuite> <!-- test.AndroidTest -->
